e:\workstation\preandteaching\translation\win32\debug\vc140.pdb
e:\workstation\preandteaching\translation\win32\debug\main.obj
e:\workstation\preandteaching\translation\win32\debug\languagetranslatorexe.obj
e:\workstation\preandteaching\translation\win32\debug\inifile.obj
e:\workstation\preandteaching\translation\win32\debug\moc_languagetranslatorexe.obj
e:\workstation\preandteaching\translation\generatedfiles\debug\moc_languagetranslatorexe.cpp
e:\workstation\preandteaching\translation\debug\moc_predefs.h
e:\workstation\preandteaching\translation\generatedfiles\ui_languagetranslatorexe.h
e:\workstation\preandteaching\bin\debug\x86\translation.ilk
e:\workstation\preandteaching\bin\debug\x86\translation.exe
e:\workstation\preandteaching\bin\debug\x86\translation.pdb
e:\workstation\preandteaching\translation\win32\debug\excel9.tli
e:\workstation\preandteaching\translation\win32\debug\mso.tli
e:\workstation\preandteaching\translation\win32\debug\vbe6ext.tli
e:\workstation\preandteaching\translation\win32\debug\excel9.tlh
e:\workstation\preandteaching\translation\win32\debug\mso.tlh
e:\workstation\preandteaching\translation\win32\debug\vbe6ext.tlh
e:\workstation\preandteaching\translation\..\bin\debug\x86\translation.exe
e:\workstation\preandteaching\translation\win32\debug\translation.tlog\cl.command.1.tlog
e:\workstation\preandteaching\translation\win32\debug\translation.tlog\cl.read.1.tlog
e:\workstation\preandteaching\translation\win32\debug\translation.tlog\cl.write.1.tlog
e:\workstation\preandteaching\translation\win32\debug\translation.tlog\custombuild.command.1.tlog
e:\workstation\preandteaching\translation\win32\debug\translation.tlog\custombuild.read.1.tlog
e:\workstation\preandteaching\translation\win32\debug\translation.tlog\custombuild.write.1.tlog
e:\workstation\preandteaching\translation\win32\debug\translation.tlog\link.command.1.tlog
e:\workstation\preandteaching\translation\win32\debug\translation.tlog\link.read.1.tlog
e:\workstation\preandteaching\translation\win32\debug\translation.tlog\link.write.1.tlog
